cabal: Entering directory '/var/folders/nr/ns1ksggj3dl_8dxh33h_ms4h0000gn/T/cabal-tmp-31503/gloss-1.12.0.0'
Configuring gloss-1.12.0.0...
Preprocessing library for gloss-1.12.0.0..
Building library for gloss-1.12.0.0..
[ 1 of 44] Compiling Graphics.Gloss.Data.Bitmap ( Graphics/Gloss/Data/Bitmap.hs, dist/dist-sandbox-c13d1b49/build/Graphics/Gloss/Data/Bitmap.o )
[ 2 of 44] Compiling Graphics.Gloss.Data.Color ( Graphics/Gloss/Data/Color.hs, dist/dist-sandbox-c13d1b49/build/Graphics/Gloss/Data/Color.o )
[ 3 of 44] Compiling Graphics.Gloss.Data.Display ( Graphics/Gloss/Data/Display.hs, dist/dist-sandbox-c13d1b49/build/Graphics/Gloss/Data/Display.o )
[ 4 of 44] Compiling Graphics.Gloss.Data.Point.Arithmetic ( Graphics/Gloss/Data/Point/Arithmetic.hs, dist/dist-sandbox-c13d1b49/build/Graphics/Gloss/Data/Point/Arithmetic.o )
[ 5 of 44] Compiling Graphics.Gloss.Geometry.Angle ( Graphics/Gloss/Geometry/Angle.hs, dist/dist-sandbox-c13d1b49/build/Graphics/Gloss/Geometry/Angle.o )
[ 6 of 44] Compiling Graphics.Gloss.Data.Picture ( Graphics/Gloss/Data/Picture.hs, dist/dist-sandbox-c13d1b49/build/Graphics/Gloss/Data/Picture.o )
[ 7 of 44] Compiling Graphics.Gloss.Data.ViewPort ( Graphics/Gloss/Data/ViewPort.hs, dist/dist-sandbox-c13d1b49/build/Graphics/Gloss/Data/ViewPort.o )
[ 8 of 44] Compiling Graphics.Gloss.Data.Controller ( Graphics/Gloss/Data/Controller.hs, dist/dist-sandbox-c13d1b49/build/Graphics/Gloss/Data/Controller.o )
[ 9 of 44] Compiling Graphics.Gloss.Data.Vector ( Graphics/Gloss/Data/Vector.hs, dist/dist-sandbox-c13d1b49/build/Graphics/Gloss/Data/Vector.o )
[10 of 44] Compiling Graphics.Gloss.Data.Point ( Graphics/Gloss/Data/Point.hs, dist/dist-sandbox-c13d1b49/build/Graphics/Gloss/Data/Point.o )
[11 of 44] Compiling Graphics.Gloss.Geometry.Line ( Graphics/Gloss/Geometry/Line.hs, dist/dist-sandbox-c13d1b49/build/Graphics/Gloss/Geometry/Line.o )
[12 of 44] Compiling Graphics.Gloss.Internals.Color ( Graphics/Gloss/Internals/Color.hs, dist/dist-sandbox-c13d1b49/build/Graphics/Gloss/Internals/Color.o )
[13 of 44] Compiling Graphics.Gloss.Internals.Interface.Animate.State ( Graphics/Gloss/Internals/Interface/Animate/State.hs, dist/dist-sandbox-c13d1b49/build/Graphics/Gloss/Internals/Interface/Animate/State.o )
[14 of 44] Compiling Graphics.Gloss.Internals.Interface.Backend.Types ( Graphics/Gloss/Internals/Interface/Backend/Types.hs, dist/dist-sandbox-c13d1b49/build/Graphics/Gloss/Internals/Interface/Backend/Types.o )
[15 of 44] Compiling Graphics.Gloss.Internals.Interface.Backend.GLUT ( Graphics/Gloss/Internals/Interface/Backend/GLUT.hs, dist/dist-sandbox-c13d1b49/build/Graphics/Gloss/Internals/Interface/Backend/GLUT.o )
[16 of 44] Compiling Graphics.Gloss.Interface.Environment ( Graphics/Gloss/Interface/Environment.hs, dist/dist-sandbox-c13d1b49/build/Graphics/Gloss/Interface/Environment.o )
[17 of 44] Compiling Graphics.Gloss.Internals.Interface.Backend ( Graphics/Gloss/Internals/Interface/Backend.hs, dist/dist-sandbox-c13d1b49/build/Graphics/Gloss/Internals/Interface/Backend.o )
[18 of 44] Compiling Graphics.Gloss.Internals.Interface.Animate.Timing ( Graphics/Gloss/Internals/Interface/Animate/Timing.hs, dist/dist-sandbox-c13d1b49/build/Graphics/Gloss/Internals/Interface/Animate/Timing.o )
[19 of 44] Compiling Graphics.Gloss.Internals.Interface.Callback ( Graphics/Gloss/Internals/Interface/Callback.hs, dist/dist-sandbox-c13d1b49/build/Graphics/Gloss/Internals/Interface/Callback.o )
[20 of 44] Compiling Graphics.Gloss.Internals.Interface.Common.Exit ( Graphics/Gloss/Internals/Interface/Common/Exit.hs, dist/dist-sandbox-c13d1b49/build/Graphics/Gloss/Internals/Interface/Common/Exit.o )
[21 of 44] Compiling Graphics.Gloss.Internals.Interface.Debug ( Graphics/Gloss/Internals/Interface/Debug.hs, dist/dist-sandbox-c13d1b49/build/Graphics/Gloss/Internals/Interface/Debug.o )
[22 of 44] Compiling Graphics.Gloss.Internals.Interface.Event ( Graphics/Gloss/Internals/Interface/Event.hs, dist/dist-sandbox-c13d1b49/build/Graphics/Gloss/Internals/Interface/Event.o )
[23 of 44] Compiling Graphics.Gloss.Data.ViewState ( Graphics/Gloss/Data/ViewState.hs, dist/dist-sandbox-c13d1b49/build/Graphics/Gloss/Data/ViewState.o )
[24 of 44] Compiling Graphics.Gloss.Internals.Interface.Simulate.State ( Graphics/Gloss/Internals/Interface/Simulate/State.hs, dist/dist-sandbox-c13d1b49/build/Graphics/Gloss/Internals/Interface/Simulate/State.o )
[25 of 44] Compiling Graphics.Gloss.Internals.Interface.Simulate.Idle ( Graphics/Gloss/Internals/Interface/Simulate/Idle.hs, dist/dist-sandbox-c13d1b49/build/Graphics/Gloss/Internals/Interface/Simulate/Idle.o )
[26 of 44] Compiling Graphics.Gloss.Internals.Interface.ViewState.KeyMouse ( Graphics/Gloss/Internals/Interface/ViewState/KeyMouse.hs, dist/dist-sandbox-c13d1b49/build/Graphics/Gloss/Internals/Interface/ViewState/KeyMouse.o )
[27 of 44] Compiling Graphics.Gloss.Internals.Interface.ViewState.Motion ( Graphics/Gloss/Internals/Interface/ViewState/Motion.hs, dist/dist-sandbox-c13d1b49/build/Graphics/Gloss/Internals/Interface/ViewState/Motion.o )
[28 of 44] Compiling Graphics.Gloss.Internals.Interface.ViewState.Reshape ( Graphics/Gloss/Internals/Interface/ViewState/Reshape.hs, dist/dist-sandbox-c13d1b49/build/Graphics/Gloss/Internals/Interface/ViewState/Reshape.o )
[29 of 44] Compiling Graphics.Gloss.Internals.Interface.Window ( Graphics/Gloss/Internals/Interface/Window.hs, dist/dist-sandbox-c13d1b49/build/Graphics/Gloss/Internals/Interface/Window.o )
[30 of 44] Compiling Graphics.Gloss.Internals.Interface.Simulate ( Graphics/Gloss/Internals/Interface/Simulate.hs, dist/dist-sandbox-c13d1b49/build/Graphics/Gloss/Internals/Interface/Simulate.o )
[31 of 44] Compiling Graphics.Gloss.Interface.Pure.Simulate ( Graphics/Gloss/Interface/Pure/Simulate.hs, dist/dist-sandbox-c13d1b49/build/Graphics/Gloss/Interface/Pure/Simulate.o )
[32 of 44] Compiling Graphics.Gloss.Interface.IO.Simulate ( Graphics/Gloss/Interface/IO/Simulate.hs, dist/dist-sandbox-c13d1b49/build/Graphics/Gloss/Interface/IO/Simulate.o )
[33 of 44] Compiling Graphics.Gloss.Internals.Interface.Interact ( Graphics/Gloss/Internals/Interface/Interact.hs, dist/dist-sandbox-c13d1b49/build/Graphics/Gloss/Internals/Interface/Interact.o )
[34 of 44] Compiling Graphics.Gloss.Interface.IO.Interact ( Graphics/Gloss/Interface/IO/Interact.hs, dist/dist-sandbox-c13d1b49/build/Graphics/Gloss/Interface/IO/Interact.o )
[35 of 44] Compiling Graphics.Gloss.Internals.Interface.Game ( Graphics/Gloss/Internals/Interface/Game.hs, dist/dist-sandbox-c13d1b49/build/Graphics/Gloss/Internals/Interface/Game.o )
[36 of 44] Compiling Graphics.Gloss.Interface.Pure.Game ( Graphics/Gloss/Interface/Pure/Game.hs, dist/dist-sandbox-c13d1b49/build/Graphics/Gloss/Interface/Pure/Game.o )
[37 of 44] Compiling Graphics.Gloss.Interface.IO.Game ( Graphics/Gloss/Interface/IO/Game.hs, dist/dist-sandbox-c13d1b49/build/Graphics/Gloss/Interface/IO/Game.o )
[38 of 44] Compiling Graphics.Gloss.Internals.Interface.Display ( Graphics/Gloss/Internals/Interface/Display.hs, dist/dist-sandbox-c13d1b49/build/Graphics/Gloss/Internals/Interface/Display.o )
[39 of 44] Compiling Graphics.Gloss.Interface.Pure.Display ( Graphics/Gloss/Interface/Pure/Display.hs, dist/dist-sandbox-c13d1b49/build/Graphics/Gloss/Interface/Pure/Display.o )
[40 of 44] Compiling Graphics.Gloss.Interface.IO.Display ( Graphics/Gloss/Interface/IO/Display.hs, dist/dist-sandbox-c13d1b49/build/Graphics/Gloss/Interface/IO/Display.o )
[41 of 44] Compiling Graphics.Gloss.Internals.Interface.Animate ( Graphics/Gloss/Internals/Interface/Animate.hs, dist/dist-sandbox-c13d1b49/build/Graphics/Gloss/Internals/Interface/Animate.o )
[42 of 44] Compiling Graphics.Gloss.Interface.Pure.Animate ( Graphics/Gloss/Interface/Pure/Animate.hs, dist/dist-sandbox-c13d1b49/build/Graphics/Gloss/Interface/Pure/Animate.o )
[43 of 44] Compiling Graphics.Gloss   ( Graphics/Gloss.hs, dist/dist-sandbox-c13d1b49/build/Graphics/Gloss.o )
[44 of 44] Compiling Graphics.Gloss.Interface.IO.Animate ( Graphics/Gloss/Interface/IO/Animate.hs, dist/dist-sandbox-c13d1b49/build/Graphics/Gloss/Interface/IO/Animate.o )
[ 1 of 44] Compiling Graphics.Gloss.Data.Bitmap ( Graphics/Gloss/Data/Bitmap.hs, dist/dist-sandbox-c13d1b49/build/Graphics/Gloss/Data/Bitmap.p_o )
[ 2 of 44] Compiling Graphics.Gloss.Data.Color ( Graphics/Gloss/Data/Color.hs, dist/dist-sandbox-c13d1b49/build/Graphics/Gloss/Data/Color.p_o )
[ 3 of 44] Compiling Graphics.Gloss.Data.Display ( Graphics/Gloss/Data/Display.hs, dist/dist-sandbox-c13d1b49/build/Graphics/Gloss/Data/Display.p_o )
[ 4 of 44] Compiling Graphics.Gloss.Data.Point.Arithmetic ( Graphics/Gloss/Data/Point/Arithmetic.hs, dist/dist-sandbox-c13d1b49/build/Graphics/Gloss/Data/Point/Arithmetic.p_o )
[ 5 of 44] Compiling Graphics.Gloss.Geometry.Angle ( Graphics/Gloss/Geometry/Angle.hs, dist/dist-sandbox-c13d1b49/build/Graphics/Gloss/Geometry/Angle.p_o )
[ 6 of 44] Compiling Graphics.Gloss.Data.Picture ( Graphics/Gloss/Data/Picture.hs, dist/dist-sandbox-c13d1b49/build/Graphics/Gloss/Data/Picture.p_o )
[ 7 of 44] Compiling Graphics.Gloss.Data.ViewPort ( Graphics/Gloss/Data/ViewPort.hs, dist/dist-sandbox-c13d1b49/build/Graphics/Gloss/Data/ViewPort.p_o )
[ 8 of 44] Compiling Graphics.Gloss.Data.Controller ( Graphics/Gloss/Data/Controller.hs, dist/dist-sandbox-c13d1b49/build/Graphics/Gloss/Data/Controller.p_o )
[ 9 of 44] Compiling Graphics.Gloss.Data.Vector ( Graphics/Gloss/Data/Vector.hs, dist/dist-sandbox-c13d1b49/build/Graphics/Gloss/Data/Vector.p_o )
[10 of 44] Compiling Graphics.Gloss.Data.Point ( Graphics/Gloss/Data/Point.hs, dist/dist-sandbox-c13d1b49/build/Graphics/Gloss/Data/Point.p_o )
[11 of 44] Compiling Graphics.Gloss.Geometry.Line ( Graphics/Gloss/Geometry/Line.hs, dist/dist-sandbox-c13d1b49/build/Graphics/Gloss/Geometry/Line.p_o )
[12 of 44] Compiling Graphics.Gloss.Internals.Color ( Graphics/Gloss/Internals/Color.hs, dist/dist-sandbox-c13d1b49/build/Graphics/Gloss/Internals/Color.p_o )
[13 of 44] Compiling Graphics.Gloss.Internals.Interface.Animate.State ( Graphics/Gloss/Internals/Interface/Animate/State.hs, dist/dist-sandbox-c13d1b49/build/Graphics/Gloss/Internals/Interface/Animate/State.p_o )
[14 of 44] Compiling Graphics.Gloss.Internals.Interface.Backend.Types ( Graphics/Gloss/Internals/Interface/Backend/Types.hs, dist/dist-sandbox-c13d1b49/build/Graphics/Gloss/Internals/Interface/Backend/Types.p_o )
[15 of 44] Compiling Graphics.Gloss.Internals.Interface.Backend.GLUT ( Graphics/Gloss/Internals/Interface/Backend/GLUT.hs, dist/dist-sandbox-c13d1b49/build/Graphics/Gloss/Internals/Interface/Backend/GLUT.p_o )
[16 of 44] Compiling Graphics.Gloss.Interface.Environment ( Graphics/Gloss/Interface/Environment.hs, dist/dist-sandbox-c13d1b49/build/Graphics/Gloss/Interface/Environment.p_o )
[17 of 44] Compiling Graphics.Gloss.Internals.Interface.Backend ( Graphics/Gloss/Internals/Interface/Backend.hs, dist/dist-sandbox-c13d1b49/build/Graphics/Gloss/Internals/Interface/Backend.p_o )
[18 of 44] Compiling Graphics.Gloss.Internals.Interface.Animate.Timing ( Graphics/Gloss/Internals/Interface/Animate/Timing.hs, dist/dist-sandbox-c13d1b49/build/Graphics/Gloss/Internals/Interface/Animate/Timing.p_o )
[19 of 44] Compiling Graphics.Gloss.Internals.Interface.Callback ( Graphics/Gloss/Internals/Interface/Callback.hs, dist/dist-sandbox-c13d1b49/build/Graphics/Gloss/Internals/Interface/Callback.p_o )
[20 of 44] Compiling Graphics.Gloss.Internals.Interface.Common.Exit ( Graphics/Gloss/Internals/Interface/Common/Exit.hs, dist/dist-sandbox-c13d1b49/build/Graphics/Gloss/Internals/Interface/Common/Exit.p_o )
[21 of 44] Compiling Graphics.Gloss.Internals.Interface.Debug ( Graphics/Gloss/Internals/Interface/Debug.hs, dist/dist-sandbox-c13d1b49/build/Graphics/Gloss/Internals/Interface/Debug.p_o )
[22 of 44] Compiling Graphics.Gloss.Internals.Interface.Event ( Graphics/Gloss/Internals/Interface/Event.hs, dist/dist-sandbox-c13d1b49/build/Graphics/Gloss/Internals/Interface/Event.p_o )
[23 of 44] Compiling Graphics.Gloss.Data.ViewState ( Graphics/Gloss/Data/ViewState.hs, dist/dist-sandbox-c13d1b49/build/Graphics/Gloss/Data/ViewState.p_o )
[24 of 44] Compiling Graphics.Gloss.Internals.Interface.Simulate.State ( Graphics/Gloss/Internals/Interface/Simulate/State.hs, dist/dist-sandbox-c13d1b49/build/Graphics/Gloss/Internals/Interface/Simulate/State.p_o )
[25 of 44] Compiling Graphics.Gloss.Internals.Interface.Simulate.Idle ( Graphics/Gloss/Internals/Interface/Simulate/Idle.hs, dist/dist-sandbox-c13d1b49/build/Graphics/Gloss/Internals/Interface/Simulate/Idle.p_o )
[26 of 44] Compiling Graphics.Gloss.Internals.Interface.ViewState.KeyMouse ( Graphics/Gloss/Internals/Interface/ViewState/KeyMouse.hs, dist/dist-sandbox-c13d1b49/build/Graphics/Gloss/Internals/Interface/ViewState/KeyMouse.p_o )
[27 of 44] Compiling Graphics.Gloss.Internals.Interface.ViewState.Motion ( Graphics/Gloss/Internals/Interface/ViewState/Motion.hs, dist/dist-sandbox-c13d1b49/build/Graphics/Gloss/Internals/Interface/ViewState/Motion.p_o )
[28 of 44] Compiling Graphics.Gloss.Internals.Interface.ViewState.Reshape ( Graphics/Gloss/Internals/Interface/ViewState/Reshape.hs, dist/dist-sandbox-c13d1b49/build/Graphics/Gloss/Internals/Interface/ViewState/Reshape.p_o )
[29 of 44] Compiling Graphics.Gloss.Internals.Interface.Window ( Graphics/Gloss/Internals/Interface/Window.hs, dist/dist-sandbox-c13d1b49/build/Graphics/Gloss/Internals/Interface/Window.p_o )
[30 of 44] Compiling Graphics.Gloss.Internals.Interface.Simulate ( Graphics/Gloss/Internals/Interface/Simulate.hs, dist/dist-sandbox-c13d1b49/build/Graphics/Gloss/Internals/Interface/Simulate.p_o )
[31 of 44] Compiling Graphics.Gloss.Interface.Pure.Simulate ( Graphics/Gloss/Interface/Pure/Simulate.hs, dist/dist-sandbox-c13d1b49/build/Graphics/Gloss/Interface/Pure/Simulate.p_o )
[32 of 44] Compiling Graphics.Gloss.Interface.IO.Simulate ( Graphics/Gloss/Interface/IO/Simulate.hs, dist/dist-sandbox-c13d1b49/build/Graphics/Gloss/Interface/IO/Simulate.p_o )
[33 of 44] Compiling Graphics.Gloss.Internals.Interface.Interact ( Graphics/Gloss/Internals/Interface/Interact.hs, dist/dist-sandbox-c13d1b49/build/Graphics/Gloss/Internals/Interface/Interact.p_o )
[34 of 44] Compiling Graphics.Gloss.Interface.IO.Interact ( Graphics/Gloss/Interface/IO/Interact.hs, dist/dist-sandbox-c13d1b49/build/Graphics/Gloss/Interface/IO/Interact.p_o )
[35 of 44] Compiling Graphics.Gloss.Internals.Interface.Game ( Graphics/Gloss/Internals/Interface/Game.hs, dist/dist-sandbox-c13d1b49/build/Graphics/Gloss/Internals/Interface/Game.p_o )
[36 of 44] Compiling Graphics.Gloss.Interface.Pure.Game ( Graphics/Gloss/Interface/Pure/Game.hs, dist/dist-sandbox-c13d1b49/build/Graphics/Gloss/Interface/Pure/Game.p_o )
[37 of 44] Compiling Graphics.Gloss.Interface.IO.Game ( Graphics/Gloss/Interface/IO/Game.hs, dist/dist-sandbox-c13d1b49/build/Graphics/Gloss/Interface/IO/Game.p_o )
[38 of 44] Compiling Graphics.Gloss.Internals.Interface.Display ( Graphics/Gloss/Internals/Interface/Display.hs, dist/dist-sandbox-c13d1b49/build/Graphics/Gloss/Internals/Interface/Display.p_o )
[39 of 44] Compiling Graphics.Gloss.Interface.Pure.Display ( Graphics/Gloss/Interface/Pure/Display.hs, dist/dist-sandbox-c13d1b49/build/Graphics/Gloss/Interface/Pure/Display.p_o )
[40 of 44] Compiling Graphics.Gloss.Interface.IO.Display ( Graphics/Gloss/Interface/IO/Display.hs, dist/dist-sandbox-c13d1b49/build/Graphics/Gloss/Interface/IO/Display.p_o )
[41 of 44] Compiling Graphics.Gloss.Internals.Interface.Animate ( Graphics/Gloss/Internals/Interface/Animate.hs, dist/dist-sandbox-c13d1b49/build/Graphics/Gloss/Internals/Interface/Animate.p_o )
[42 of 44] Compiling Graphics.Gloss.Interface.Pure.Animate ( Graphics/Gloss/Interface/Pure/Animate.hs, dist/dist-sandbox-c13d1b49/build/Graphics/Gloss/Interface/Pure/Animate.p_o )
[43 of 44] Compiling Graphics.Gloss   ( Graphics/Gloss.hs, dist/dist-sandbox-c13d1b49/build/Graphics/Gloss.p_o )
[44 of 44] Compiling Graphics.Gloss.Interface.IO.Animate ( Graphics/Gloss/Interface/IO/Animate.hs, dist/dist-sandbox-c13d1b49/build/Graphics/Gloss/Interface/IO/Animate.p_o )
Preprocessing library for gloss-1.12.0.0..
Running Haddock on library for gloss-1.12.0.0..
Haddock coverage:
 100% (  9 /  9) in 'Graphics.Gloss.Data.Bitmap'
  61% ( 22 / 36) in 'Graphics.Gloss.Data.Color'
  Missing documentation for:
    black (Graphics/Gloss/Data/Color.hs:148)
    white (Graphics/Gloss/Data/Color.hs:148)
    red (Graphics/Gloss/Data/Color.hs:153)
    green (Graphics/Gloss/Data/Color.hs:153)
    blue (Graphics/Gloss/Data/Color.hs:153)
    yellow (Graphics/Gloss/Data/Color.hs:159)
    cyan (Graphics/Gloss/Data/Color.hs:159)
    magenta (Graphics/Gloss/Data/Color.hs:159)
    rose (Graphics/Gloss/Data/Color.hs:165)
    violet (Graphics/Gloss/Data/Color.hs:165)
    azure (Graphics/Gloss/Data/Color.hs:165)
    aquamarine (Graphics/Gloss/Data/Color.hs:165)
    chartreuse (Graphics/Gloss/Data/Color.hs:165)
    orange (Graphics/Gloss/Data/Color.hs:165)
  50% (  1 /  2) in 'Graphics.Gloss.Data.Display'
  Missing documentation for:
    Module header
 100% (  6 /  6) in 'Graphics.Gloss.Data.Point.Arithmetic'
 100% (  4 /  4) in 'Graphics.Gloss.Geometry.Angle'
  97% ( 30 / 31) in 'Graphics.Gloss.Data.Picture'
  Missing documentation for:
    Module header
  80% (  4 /  5) in 'Graphics.Gloss.Data.ViewPort'
  Missing documentation for:
    Module header
  50% (  1 /  2) in 'Graphics.Gloss.Data.Controller'
  Missing documentation for:
    Module header
 100% ( 11 / 11) in 'Graphics.Gloss.Data.Vector'
  75% (  3 /  4) in 'Graphics.Gloss.Data.Point'
  Missing documentation for:
    Module header
 100% ( 15 / 15) in 'Graphics.Gloss.Geometry.Line'
  50% (  1 /  2) in 'Graphics.Gloss.Internals.Color'
  Missing documentation for:
    Module header
  33% (  1 /  3) in 'Graphics.Gloss.Internals.Interface.Animate.State'
  Missing documentation for:
    Module header
    stateInit (Graphics/Gloss/Internals/Interface/Animate/State.hs:42)
  53% (  8 / 15) in 'Graphics.Gloss.Internals.Interface.Backend.Types'
  Missing documentation for:
    Module header
    Callback (Graphics/Gloss/Internals/Interface/Backend/Types.hs:101)
    Key (Graphics/Gloss/Internals/Interface/Backend/Types.hs:122)
    MouseButton (Graphics/Gloss/Internals/Interface/Backend/Types.hs:128)
    KeyState (Graphics/Gloss/Internals/Interface/Backend/Types.hs:137)
    SpecialKey (Graphics/Gloss/Internals/Interface/Backend/Types.hs:142)
    Modifiers (Graphics/Gloss/Internals/Interface/Backend/Types.hs:212)
  50% (  2 /  4) in 'Graphics.Gloss.Internals.Interface.Backend.GLUT'
  Missing documentation for:
    Module header
    initializeGLUT (Graphics/Gloss/Internals/Interface/Backend/GLUT.hs:90)
  50% (  1 /  2) in 'Graphics.Gloss.Interface.Environment'
  Missing documentation for:
    Module header
  53% ( 10 / 19) in 'Graphics.Gloss.Internals.Interface.Backend'
  Missing documentation for:
    Module header
    Callback (Graphics/Gloss/Internals/Interface/Backend/Types.hs:101)
    Key (Graphics/Gloss/Internals/Interface/Backend/Types.hs:122)
    MouseButton (Graphics/Gloss/Internals/Interface/Backend/Types.hs:128)
    KeyState (Graphics/Gloss/Internals/Interface/Backend/Types.hs:137)
    SpecialKey (Graphics/Gloss/Internals/Interface/Backend/Types.hs:142)
    Modifiers (Graphics/Gloss/Internals/Interface/Backend/Types.hs:212)
    initializeGLUT (Graphics/Gloss/Internals/Interface/Backend/GLUT.hs:90)
    defaultBackendState (Graphics/Gloss/Internals/Interface/Backend.hs:27)
 100% (  3 /  3) in 'Graphics.Gloss.Internals.Interface.Animate.Timing'
  86% (  6 /  7) in 'Graphics.Gloss.Internals.Interface.Callback'
  Missing documentation for:
    Callback (Graphics/Gloss/Internals/Interface/Backend/Types.hs:101)
  50% (  1 /  2) in 'Graphics.Gloss.Internals.Interface.Common.Exit'
  Missing documentation for:
    callback_exit (Graphics/Gloss/Internals/Interface/Common/Exit.hs:11)
 100% (  3 /  3) in 'Graphics.Gloss.Internals.Interface.Debug'
  25% (  1 /  4) in 'Graphics.Gloss.Internals.Interface.Event'
  Missing documentation for:
    Module header
    keyMouseEvent (Graphics/Gloss/Internals/Interface/Event.hs:17)
    motionEvent (Graphics/Gloss/Internals/Interface/Event.hs:28)
  78% (  7 /  9) in 'Graphics.Gloss.Data.ViewState'
  Missing documentation for:
    Module header
    CommandConfig (Graphics/Gloss/Data/ViewState.hs:49)
  67% (  2 /  3) in 'Graphics.Gloss.Internals.Interface.Simulate.State'
  Missing documentation for:
    Module header
  50% (  1 /  2) in 'Graphics.Gloss.Internals.Interface.Simulate.Idle'
  Missing documentation for:
    Module header
  50% (  1 /  2) in 'Graphics.Gloss.Internals.Interface.ViewState.KeyMouse'
  Missing documentation for:
    Module header
  50% (  1 /  2) in 'Graphics.Gloss.Internals.Interface.ViewState.Motion'
  Missing documentation for:
    Module header
  33% (  1 /  3) in 'Graphics.Gloss.Internals.Interface.ViewState.Reshape'
  Missing documentation for:
    Module header
    viewState_reshape (Graphics/Gloss/Internals/Interface/ViewState/Reshape.hs:19)
 100% (  2 /  2) in 'Graphics.Gloss.Internals.Interface.Window'
   0% (  0 /  2) in 'Graphics.Gloss.Internals.Interface.Simulate'
  Missing documentation for:
    Module header
    simulateWithBackendIO (Graphics/Gloss/Internals/Interface/Simulate.hs:27)
 100% (  6 /  6) in 'Graphics.Gloss.Interface.Pure.Simulate'
  83% (  5 /  6) in 'Graphics.Gloss.Interface.IO.Simulate'
  Missing documentation for:
    simulateIO (Graphics/Gloss/Interface/IO/Simulate.hs:24)
   0% (  0 /  2) in 'Graphics.Gloss.Internals.Interface.Interact'
  Missing documentation for:
    Module header
    interactWithBackend (Graphics/Gloss/Internals/Interface/Interact.hs:21)
  58% (  7 / 12) in 'Graphics.Gloss.Interface.IO.Interact'
  Missing documentation for:
    Key (Graphics/Gloss/Internals/Interface/Backend/Types.hs:122)
    SpecialKey (Graphics/Gloss/Internals/Interface/Backend/Types.hs:142)
    MouseButton (Graphics/Gloss/Internals/Interface/Backend/Types.hs:128)
    KeyState (Graphics/Gloss/Internals/Interface/Backend/Types.hs:137)
    Modifiers (Graphics/Gloss/Internals/Interface/Backend/Types.hs:212)
  33% (  1 /  3) in 'Graphics.Gloss.Internals.Interface.Game'
  Missing documentation for:
    Module header
    playWithBackendIO (Graphics/Gloss/Internals/Interface/Game.hs:24)
  55% (  6 / 11) in 'Graphics.Gloss.Interface.Pure.Game'
  Missing documentation for:
    Key (Graphics/Gloss/Internals/Interface/Backend/Types.hs:122)
    SpecialKey (Graphics/Gloss/Internals/Interface/Backend/Types.hs:142)
    MouseButton (Graphics/Gloss/Internals/Interface/Backend/Types.hs:128)
    KeyState (Graphics/Gloss/Internals/Interface/Backend/Types.hs:137)
    Modifiers (Graphics/Gloss/Internals/Interface/Backend/Types.hs:212)
  55% (  6 / 11) in 'Graphics.Gloss.Interface.IO.Game'
  Missing documentation for:
    Key (Graphics/Gloss/Internals/Interface/Backend/Types.hs:122)
    SpecialKey (Graphics/Gloss/Internals/Interface/Backend/Types.hs:142)
    MouseButton (Graphics/Gloss/Internals/Interface/Backend/Types.hs:128)
    KeyState (Graphics/Gloss/Internals/Interface/Backend/Types.hs:137)
    Modifiers (Graphics/Gloss/Internals/Interface/Backend/Types.hs:212)
   0% (  0 /  2) in 'Graphics.Gloss.Internals.Interface.Display'
  Missing documentation for:
    Module header
    displayWithBackend (Graphics/Gloss/Internals/Interface/Display.hs:22)
 100% (  5 /  5) in 'Graphics.Gloss.Interface.Pure.Display'
 100% (  6 /  6) in 'Graphics.Gloss.Interface.IO.Display'
   0% (  0 /  2) in 'Graphics.Gloss.Internals.Interface.Animate'
  Missing documentation for:
    Module header
    animateWithBackendIO (Graphics/Gloss/Internals/Interface/Animate.hs:26)
 100% (  5 /  5) in 'Graphics.Gloss.Interface.Pure.Animate'
 100% (  9 /  9) in 'Graphics.Gloss'
 100% (  7 /  7) in 'Graphics.Gloss.Interface.IO.Animate'
Documentation created: dist/dist-sandbox-c13d1b49/doc/html/gloss/index.html
Installing library in /Users/avask/Documents/LearningHaskell/Demo/.cabal-sandbox/lib/x86_64-osx-ghc-8.2.2/gloss-1.12.0.0-6trMUVL77y5H5Jh4yT0uBD
cabal: Leaving directory '/var/folders/nr/ns1ksggj3dl_8dxh33h_ms4h0000gn/T/cabal-tmp-31503/gloss-1.12.0.0'
